<?xml version="1.0" encoding="UTF-8"?>
<!-- Generated by org.testng.reporters.JUnitReportReporter -->
<testsuite hostname="LAPTOP-NGGS3RJI" failures="0" tests="1" name="Organization.DemoTest" time="0.007" errors="0" timestamp="2023-04-19T18:58:48 IST" skipped="0">
  <testcase classname="Organization.DemoTest" name="method" time="0.007"/>
  <system-out/>
</testsuite> <!-- Organization.DemoTest -->
