<?xml version="1.0" encoding="UTF-8"?>
<!-- Generated by org.testng.reporters.JUnitReportReporter -->
<testsuite hostname="LAPTOP-NGGS3RJI" failures="0" tests="1" name="Organization.Demo" time="0.011" errors="0" timestamp="2023-04-18T20:10:52 IST" skipped="0">
  <testcase classname="Organization.Demo" name="method" time="0.011"/>
  <system-out/>
</testsuite> <!-- Organization.Demo -->
